/*C6*/SET SCHEMA PUBLIC
 DROP table nomina.formulacion_detalles
 DROP table nomina.rubro
DISCONNECT
/*C8*/SET SCHEMA PUBLIC
create table Nomina.Formulacion_detalles (Formulacion_id varchar(32) not null, formula_id varchar(32), rubro_id varchar(32))
create table Nomina.Rubro (id varchar(32) not null, descripcion varchar(30), suma boolean not null, primary key (id))
alter table Nomina.Formulacion_detalles add constraint FK8jkdho76fqvumxinv571rri66 foreign key (formula_id) references Nomina.Formula
alter table Nomina.Formulacion_detalles add constraint FKeetvnximlvactjv4tqwkefyxv foreign key (rubro_id) references Nomina.Rubro
alter table Nomina.Formulacion_detalles add constraint FKi2rcqp5p2s8rauryh3xo3vpj3 foreign key (Formulacion_id) references Nomina.Formulacion
/*C7*/SET SCHEMA PUBLIC
DISCONNECT
/*C8*/DISCONNECT
/*C9*/SET SCHEMA PUBLIC
DISCONNECT
/*C10*/SET SCHEMA NOMINA
INSERT INTO RUBRO VALUES('01','INGRESOS',TRUE)
INSERT INTO RUBRO VALUES('02','EGRESOS',FALSE)
INSERT INTO RUBRO VALUES('03','PROVISIONES',FALSE)
INSERT INTO RUBRO VALUES('04','DESCUENTOS',FALSE)
COMMIT
/*C11*/SET SCHEMA PUBLIC
DISCONNECT
/*C10*/DELETE FROM FORMULACION WHERE ID='ff8080816f39e273016f39e4815d0000'
INSERT INTO FORMULACION VALUES('001','CALCULO VIGENTE PARA ROLES DE PAGO ADMINISTRATIVOS','1977-07-07')
COMMIT
DELETE FROM FORMULACION WHERE ID='001'
INSERT INTO FORMULACION VALUES('001','CALCULO VIGENTE PARA ROLES DE PAGO ADMINISTRATIVOS','1977-07-07')
COMMIT
DELETE FROM FORMULACION WHERE ID='001'
COMMIT
INSERT INTO FORMULACION VALUES('001','CALCULO VIGENTE PARA ROLES DE PAGO ADMINISTRATIVOS','1977-07-07')
COMMIT
DELETE FROM FORMULACION WHERE ID='001'
COMMIT
INSERT INTO FORMULACION VALUES('001','CALCULO VIGENTE PARA ROLES DE PAGO ADMINISTRATIVOS','1977-07-07')
COMMIT
/*C12*/SET SCHEMA NOMINA
DELETE FROM FORMULACION WHERE ID='001'
INSERT INTO FORMULACION VALUES('001','CALCULO VIGENTE PARA ROLES DE PAGO ADMINISTRATIVOS','2019-12-24')
COMMIT
/*C10*/INSERT INTO FORMULACION_DETALLES VALUES('001','01','01')
INSERT INTO FORMULACION_DETALLES VALUES('001','02','01')
INSERT INTO FORMULACION_DETALLES VALUES('001','03','01')
INSERT INTO FORMULACION_DETALLES VALUES('001','04','01')
INSERT INTO FORMULACION_DETALLES VALUES('001','05','02')
INSERT INTO FORMULACION_DETALLES VALUES('001','06','02')
INSERT INTO FORMULACION_DETALLES VALUES('001','07','02')
INSERT INTO FORMULACION_DETALLES VALUES('001','08','02')
INSERT INTO FORMULACION_DETALLES VALUES('001','09','02')
INSERT INTO FORMULACION_DETALLES VALUES('001','10','03')
INSERT INTO FORMULACION_DETALLES VALUES('001','11','03')
INSERT INTO FORMULACION_DETALLES VALUES('001','12','03')
INSERT INTO FORMULACION_DETALLES VALUES('001','13','03')
INSERT INTO FORMULACION_DETALLES VALUES('001','14','03')
COMMIT
